<?xml version="1.0" encoding="UTF-8"?>
<testsuite time="12.277" failures="0" tests="1" name="tests" >
  <testcase time="12.272" classname="tests" name="ajoutUnite.ta" />
</testsuite>